  Cal.cpp
d:\ncrassignments\c-language\week-1\week-1\week-1\cal.cpp(3): warning C4067: unexpected tokens following preprocessor directive - expected a newline
d:\ncrassignments\c-language\week-1\week-1\week-1\cal.cpp(4): warning C4067: unexpected tokens following preprocessor directive - expected a newline
d:\ncrassignments\c-language\week-1\week-1\week-1\cal.cpp(5): warning C4067: unexpected tokens following preprocessor directive - expected a newline
d:\ncrassignments\c-language\week-1\week-1\week-1\cal.cpp(6): warning C4067: unexpected tokens following preprocessor directive - expected a newline
  Main.cpp
d:\ncrassignments\c-language\week-1\week-1\week-1\cal.cpp(3): warning C4067: unexpected tokens following preprocessor directive - expected a newline
d:\ncrassignments\c-language\week-1\week-1\week-1\cal.cpp(4): warning C4067: unexpected tokens following preprocessor directive - expected a newline
d:\ncrassignments\c-language\week-1\week-1\week-1\cal.cpp(5): warning C4067: unexpected tokens following preprocessor directive - expected a newline
d:\ncrassignments\c-language\week-1\week-1\week-1\cal.cpp(6): warning C4067: unexpected tokens following preprocessor directive - expected a newline
  Generating Code...
Div.obj : error LNK2005: "int __cdecl divs(int,int)" (?divs@@YAHHH@Z) already defined in Cal.obj
Main.obj : error LNK2005: "void __cdecl cal(void)" (?cal@@YAXXZ) already defined in Cal.obj
Main.obj : error LNK2005: "int __cdecl divs(int,int)" (?divs@@YAHHH@Z) already defined in Cal.obj
Main.obj : error LNK2005: "int __cdecl muls(int,int)" (?muls@@YAHHH@Z) already defined in Cal.obj
Main.obj : error LNK2005: "int __cdecl subs(int,int)" (?subs@@YAHHH@Z) already defined in Cal.obj
Main.obj : error LNK2005: "int __cdecl sums(int,int)" (?sums@@YAHHH@Z) already defined in Cal.obj
Mul.obj : error LNK2005: "int __cdecl muls(int,int)" (?muls@@YAHHH@Z) already defined in Cal.obj
Sub.obj : error LNK2005: "int __cdecl subs(int,int)" (?subs@@YAHHH@Z) already defined in Cal.obj
Sum.obj : error LNK2005: "int __cdecl sums(int,int)" (?sums@@YAHHH@Z) already defined in Cal.obj
D:\NcrAssignments\C-Language\Week-1\Week-1\x64\Debug\Week-1.exe : fatal error LNK1169: one or more multiply defined symbols found
